Release 14.7 Map P.20131013 (nt)
Xilinx Mapping Report File for Design 'Main'

Design Information
------------------
Command Line   : map -intstyle ise -p xc3s50a-tq144-4 -cm area -ir off -pr off
-c 100 -o Main_map.ncd Main.ngd Main.pcf 
Target Device  : xc3s50a
Target Package : tq144
Target Speed   : -4
Mapper Version : spartan3a -- $Revision: 1.55 $
Mapped Date    : Tue Oct 17 17:44:44 2017

Design Summary
--------------
Number of errors:      0
Number of warnings:    0
Logic Utilization:
  Number of Slice Flip Flops:            15 out of   1,408    1%
  Number of 4 input LUTs:                87 out of   1,408    6%
Logic Distribution:
  Number of occupied Slices:             44 out of     704    6%
    Number of Slices containing only related logic:      44 out of      44 100%
    Number of Slices containing unrelated logic:          0 out of      44   0%
      *See NOTES below for an explanation of the effects of unrelated logic.
  Total Number of 4 input LUTs:          87 out of   1,408    6%
  Number of bonded IOBs:                 34 out of     108   31%
    IOB Flip Flops:                       4
  Number of BUFGMUXs:                     1 out of      24    4%

Average Fanout of Non-Clock Nets:                4.36

Peak Memory Usage:  271 MB
Total REAL time to MAP completion:  1 secs 
Total CPU time to MAP completion:   1 secs 

NOTES:

   Related logic is defined as being logic that shares connectivity - e.g. two
   LUTs are "related" if they share common inputs.  When assembling slices,
   Map gives priority to combine logic that is related.  Doing so results in
   the best timing performance.

   Unrelated logic shares no connectivity.  Map will only begin packing
   unrelated logic into a slice once 99% of the slices are occupied through
   related logic packing.

   Note that once logic distribution reaches the 99% level through related
   logic packing, this does not mean the device is completely utilized.
   Unrelated logic packing will then begin, continuing until all usable LUTs
   and FFs are occupied.  Depending on your timing budget, increased levels of
   unrelated logic packing may adversely affect the overall timing performance
   of your design.

Table of Contents
-----------------
Section 1 - Errors
Section 2 - Warnings
Section 3 - Informational
Section 4 - Removed Logic Summary
Section 5 - Removed Logic
Section 6 - IOB Properties
Section 7 - RPMs
Section 8 - Guide Report
Section 9 - Area Group and Partition Summary
Section 10 - Timing Report
Section 11 - Configuration String Information
Section 12 - Control Set Information
Section 13 - Utilization by Hierarchy

Section 1 - Errors
------------------

Section 2 - Warnings
--------------------

Section 3 - Informational
-------------------------
INFO:MapLib:562 - No environment variables are currently set.
INFO:MapLib:159 - Net Timing constraints on signal clk are pushed forward
   through input buffer.

Section 4 - Removed Logic Summary
---------------------------------

Section 5 - Removed Logic
-------------------------

To enable printing of redundant blocks removed and signals merged, set the
detailed map report option and rerun map.

Section 6 - IOB Properties
--------------------------

+-------------------------------------------------------------------------------------------------------------------------------------------------------------------------------+
| IOB Name                           | Type             | Direction | IO Standard          | Diff  | Drive    | Slew    | Reg (s)      | Resistor | IBUF/IFD | SUSPEND          |
|                                    |                  |           |                      | Term  | Strength | Rate    |              |          | Delay    |                  |
+-------------------------------------------------------------------------------------------------------------------------------------------------------------------------------+
| LED<0>                             | IOB              | OUTPUT    | LVCMOS33             |       | 12       | SLOW    | OFF1         |          | 0 / 0    | 3STATE           |
| LED<1>                             | IOB              | OUTPUT    | LVCMOS33             |       | 12       | SLOW    | OFF1         |          | 0 / 0    | 3STATE           |
| LED<2>                             | IOB              | OUTPUT    | LVCMOS33             |       | 12       | SLOW    | OFF1         |          | 0 / 0    | 3STATE           |
| LED<3>                             | IOB              | OUTPUT    | LVCMOS33             |       | 12       | SLOW    | OFF1         |          | 0 / 0    | 3STATE           |
| clk                                | IBUF             | INPUT     | LVCMOS33             |       |          |         |              |          | 0 / 0    |                  |
| dac_c1<0>                          | IOB              | OUTPUT    | LVCMOS33             |       | 8        | FAST    |              |          | 0 / 0    | 3STATE           |
| dac_c1<1>                          | IOB              | OUTPUT    | LVCMOS33             |       | 8        | FAST    |              |          | 0 / 0    | 3STATE           |
| dac_c1<2>                          | IOB              | OUTPUT    | LVCMOS33             |       | 8        | FAST    |              |          | 0 / 0    | 3STATE           |
| dac_c1<3>                          | IOB              | OUTPUT    | LVCMOS33             |       | 8        | FAST    |              |          | 0 / 0    | 3STATE           |
| dac_c1<4>                          | IOB              | OUTPUT    | LVCMOS33             |       | 8        | FAST    |              |          | 0 / 0    | 3STATE           |
| dac_c1<5>                          | IOB              | OUTPUT    | LVCMOS33             |       | 8        | FAST    |              |          | 0 / 0    | 3STATE           |
| dac_c1<6>                          | IOB              | OUTPUT    | LVCMOS33             |       | 8        | FAST    |              |          | 0 / 0    | 3STATE           |
| dac_c1<7>                          | IOB              | OUTPUT    | LVCMOS33             |       | 8        | FAST    |              |          | 0 / 0    | 3STATE           |
| dac_c1<8>                          | IOB              | OUTPUT    | LVCMOS33             |       | 8        | FAST    |              |          | 0 / 0    | 3STATE           |
| dac_c1<9>                          | IOB              | OUTPUT    | LVCMOS33             |       | 8        | FAST    |              |          | 0 / 0    | 3STATE           |
| dac_c2<0>                          | IOB              | OUTPUT    | LVCMOS33             |       | 8        | FAST    |              |          | 0 / 0    | 3STATE           |
| dac_c2<1>                          | IOB              | OUTPUT    | LVCMOS33             |       | 8        | FAST    |              |          | 0 / 0    | 3STATE           |
| dac_c2<2>                          | IOB              | OUTPUT    | LVCMOS33             |       | 8        | FAST    |              |          | 0 / 0    | 3STATE           |
| dac_c2<3>                          | IOB              | OUTPUT    | LVCMOS33             |       | 8        | FAST    |              |          | 0 / 0    | 3STATE           |
| dac_c2<4>                          | IOB              | OUTPUT    | LVCMOS33             |       | 8        | FAST    |              |          | 0 / 0    | 3STATE           |
| dac_c2<5>                          | IOB              | OUTPUT    | LVCMOS33             |       | 8        | FAST    |              |          | 0 / 0    | 3STATE           |
| dac_c2<6>                          | IOB              | OUTPUT    | LVCMOS33             |       | 8        | FAST    |              |          | 0 / 0    | 3STATE           |
| dac_c2<7>                          | IOB              | OUTPUT    | LVCMOS33             |       | 8        | FAST    |              |          | 0 / 0    | 3STATE           |
| dac_c2<8>                          | IOB              | OUTPUT    | LVCMOS33             |       | 8        | FAST    |              |          | 0 / 0    | 3STATE           |
| dac_c2<9>                          | IOB              | OUTPUT    | LVCMOS33             |       | 8        | FAST    |              |          | 0 / 0    | 3STATE           |
| dac_clk1                           | IOB              | OUTPUT    | LVCMOS33             |       | 8        | FAST    |              |          | 0 / 0    | 3STATE           |
| dac_clk2                           | IOB              | OUTPUT    | LVCMOS33             |       | 8        | FAST    |              |          | 0 / 0    | 3STATE           |
| dac_wrt1                           | IOB              | OUTPUT    | LVCMOS33             |       | 8        | FAST    |              |          | 0 / 0    | 3STATE           |
| dac_wrt2                           | IOB              | OUTPUT    | LVCMOS33             |       | 8        | FAST    |              |          | 0 / 0    | 3STATE           |
| rst_n                              | IBUF             | INPUT     | LVCMOS33             |       |          |         |              | PULLUP   | 0 / 0    |                  |
| sel_n<0>                           | IBUF             | INPUT     | LVCMOS33             |       |          |         |              | PULLUP   | 0 / 0    |                  |
| sel_n<1>                           | IBUF             | INPUT     | LVCMOS33             |       |          |         |              | PULLUP   | 0 / 0    |                  |
| sel_n<2>                           | IBUF             | INPUT     | LVCMOS33             |       |          |         |              | PULLUP   | 0 / 0    |                  |
| sel_n<3>                           | IBUF             | INPUT     | LVCMOS33             |       |          |         |              | PULLUP   | 0 / 0    |                  |
+-------------------------------------------------------------------------------------------------------------------------------------------------------------------------------+

Section 7 - RPMs
----------------

Section 8 - Guide Report
------------------------
Guide not run on this design.

Section 9 - Area Group and Partition Summary
--------------------------------------------

Partition Implementation Status
-------------------------------

  No Partitions were found in this design.

-------------------------------

Area Group Information
----------------------

  No area groups were found in this design.

----------------------

Section 10 - Timing Report
--------------------------
This design was not run using timing mode.

Section 11 - Configuration String Details
-----------------------------------------
Use the "-detail" map option to print out Configuration Strings

Section 12 - Control Set Information
------------------------------------
No control set information for this architecture.

Section 13 - Utilization by Hierarchy
-------------------------------------
Use the "-detail" map option to print out the Utilization by Hierarchy section.
